android/app/build-codex-release/intermediates/manifest_merge_blame_file/release/processReleaseMainManifest/manifest-merger-blame-release-report.txt
1<?xml version="1.0" encoding="utf-8"?>
2<manifest xmlns:android="http://schemas.android.com/apk/res/android"
3    package="fr.hikmatips.app"
4    android:versionCode="112"
5    android:versionName="1.3.0" >
6
7    <uses-sdk
7-->src\main\AndroidManifest.xml:60:5-74
8        android:minSdkVersion="24"
8-->INJECTED
9        android:targetSdkVersion="36" />
9-->INJECTED
10
11    <!-- Permissions -->
12
13    <uses-permission android:name="android.permission.INTERNET" />
13-->src\main\AndroidManifest.xml:54:5-67
13-->src\main\AndroidManifest.xml:54:22-64
14    <uses-permission android:name="android.permission.POST_NOTIFICATIONS" />
14-->src\main\AndroidManifest.xml:55:5-77
14-->src\main\AndroidManifest.xml:55:22-74
15    <uses-permission android:name="android.permission.RECEIVE_BOOT_COMPLETED" />
15-->src\main\AndroidManifest.xml:56:5-81
15-->src\main\AndroidManifest.xml:56:22-78
16    <uses-permission android:name="android.permission.VIBRATE" />
16-->src\main\AndroidManifest.xml:57:5-66
16-->src\main\AndroidManifest.xml:57:22-63
17    <uses-permission
17-->src\main\AndroidManifest.xml:58:5-106
18        android:name="android.permission.SCHEDULE_EXACT_ALARM"
18-->src\main\AndroidManifest.xml:58:22-76
19        android:minSdkVersion="31" />
19-->src\main\AndroidManifest.xml:58:77-103
20    <uses-permission android:name="android.permission.WAKE_LOCK" />
20-->[:capacitor-local-notifications] AndroidManifest.xml:8:5-68
20-->[:capacitor-local-notifications] AndroidManifest.xml:8:22-65
21
22    <permission
22-->[androidx.core:core:1.17.0] AndroidManifest.xml:22:5-24:47
23        android:name="fr.hikmatips.app.DYNAMIC_RECEIVER_NOT_EXPORTED_PERMISSION"
23-->[androidx.core:core:1.17.0] AndroidManifest.xml:23:9-81
24        android:protectionLevel="signature" />
24-->[androidx.core:core:1.17.0] AndroidManifest.xml:24:9-44
25
26    <uses-permission android:name="fr.hikmatips.app.DYNAMIC_RECEIVER_NOT_EXPORTED_PERMISSION" />
26-->[androidx.core:core:1.17.0] AndroidManifest.xml:26:5-97
26-->[androidx.core:core:1.17.0] AndroidManifest.xml:26:22-94
27
28    <application
28-->src\main\AndroidManifest.xml:4:5-50:19
29        android:allowBackup="false"
29-->src\main\AndroidManifest.xml:5:9-36
30        android:appComponentFactory="androidx.core.app.CoreComponentFactory"
30-->[androidx.core:core:1.17.0] AndroidManifest.xml:28:18-86
31        android:extractNativeLibs="false"
31-->INJECTED
32        android:icon="@mipmap/ic_launcher"
32-->src\main\AndroidManifest.xml:6:9-43
33        android:label="@string/app_name"
33-->src\main\AndroidManifest.xml:7:9-41
34        android:roundIcon="@mipmap/ic_launcher_round"
34-->src\main\AndroidManifest.xml:8:9-54
35        android:supportsRtl="true"
35-->src\main\AndroidManifest.xml:9:9-35
36        android:theme="@style/AppTheme" >
36-->src\main\AndroidManifest.xml:10:9-40
37        <activity
37-->src\main\AndroidManifest.xml:12:9-39:20
38            android:name="fr.hikmatips.app.MainActivity"
38-->src\main\AndroidManifest.xml:14:13-41
39            android:configChanges="orientation|keyboardHidden|keyboard|screenSize|locale|smallestScreenSize|screenLayout|uiMode|navigation|density"
39-->src\main\AndroidManifest.xml:13:13-148
40            android:exported="true"
40-->src\main\AndroidManifest.xml:18:13-36
41            android:label="@string/title_activity_main"
41-->src\main\AndroidManifest.xml:15:13-56
42            android:launchMode="singleTask"
42-->src\main\AndroidManifest.xml:17:13-44
43            android:theme="@style/AppTheme.NoActionBarLaunch" >
43-->src\main\AndroidManifest.xml:16:13-62
44            <intent-filter>
44-->src\main\AndroidManifest.xml:20:13-23:29
45                <action android:name="android.intent.action.MAIN" />
45-->src\main\AndroidManifest.xml:21:17-69
45-->src\main\AndroidManifest.xml:21:25-66
46
47                <category android:name="android.intent.category.LAUNCHER" />
47-->src\main\AndroidManifest.xml:22:17-77
47-->src\main\AndroidManifest.xml:22:27-74
48            </intent-filter>
49            <intent-filter android:autoVerify="true" >
49-->src\main\AndroidManifest.xml:25:13-30:29
49-->src\main\AndroidManifest.xml:25:28-53
50                <action android:name="android.intent.action.VIEW" />
50-->src\main\AndroidManifest.xml:26:17-69
50-->src\main\AndroidManifest.xml:26:25-66
51
52                <category android:name="android.intent.category.DEFAULT" />
52-->src\main\AndroidManifest.xml:27:17-76
52-->src\main\AndroidManifest.xml:27:27-73
53                <category android:name="android.intent.category.BROWSABLE" />
53-->src\main\AndroidManifest.xml:28:17-78
53-->src\main\AndroidManifest.xml:28:27-75
54
55                <data android:scheme="hikmaclips" />
55-->src\main\AndroidManifest.xml:29:17-53
55-->src\main\AndroidManifest.xml:29:23-50
56            </intent-filter>
57            <intent-filter android:autoVerify="true" >
57-->src\main\AndroidManifest.xml:32:13-37:29
57-->src\main\AndroidManifest.xml:32:28-53
58                <action android:name="android.intent.action.VIEW" />
58-->src\main\AndroidManifest.xml:26:17-69
58-->src\main\AndroidManifest.xml:26:25-66
59
60                <category android:name="android.intent.category.DEFAULT" />
60-->src\main\AndroidManifest.xml:27:17-76
60-->src\main\AndroidManifest.xml:27:27-73
61                <category android:name="android.intent.category.BROWSABLE" />
61-->src\main\AndroidManifest.xml:28:17-78
61-->src\main\AndroidManifest.xml:28:27-75
62
63                <data
63-->src\main\AndroidManifest.xml:29:17-53
64                    android:host="hikmaclips.com"
64-->src\main\AndroidManifest.xml:36:46-75
65                    android:scheme="https" />
65-->src\main\AndroidManifest.xml:29:23-50
66            </intent-filter>
67        </activity>
68
69        <provider
69-->INJECTED
70            android:name="androidx.core.content.FileProvider"
70-->src\main\AndroidManifest.xml:42:13-62
71            android:authorities="fr.hikmatips.app.fileprovider"
71-->INJECTED
72            android:exported="false"
72-->src\main\AndroidManifest.xml:44:13-37
73            android:grantUriPermissions="true" >
73-->src\main\AndroidManifest.xml:45:13-47
74            <meta-data
74-->src\main\AndroidManifest.xml:46:13-48:64
75                android:name="android.support.FILE_PROVIDER_PATHS"
75-->src\main\AndroidManifest.xml:47:17-67
76                android:resource="@xml/file_paths" />
76-->src\main\AndroidManifest.xml:48:17-51
77        </provider>
78
79        <receiver android:name="com.capacitorjs.plugins.localnotifications.TimedNotificationPublisher" />
79-->[:capacitor-local-notifications] AndroidManifest.xml:12:9-106
79-->[:capacitor-local-notifications] AndroidManifest.xml:12:19-103
80        <receiver android:name="com.capacitorjs.plugins.localnotifications.NotificationDismissReceiver" />
80-->[:capacitor-local-notifications] AndroidManifest.xml:13:9-107
80-->[:capacitor-local-notifications] AndroidManifest.xml:13:19-104
81        <receiver
81-->[:capacitor-local-notifications] AndroidManifest.xml:14:9-23:20
82            android:name="com.capacitorjs.plugins.localnotifications.LocalNotificationRestoreReceiver"
82-->[:capacitor-local-notifications] AndroidManifest.xml:15:13-103
83            android:directBootAware="true"
83-->[:capacitor-local-notifications] AndroidManifest.xml:16:13-43
84            android:exported="false" >
84-->[:capacitor-local-notifications] AndroidManifest.xml:17:13-37
85            <intent-filter>
85-->[:capacitor-local-notifications] AndroidManifest.xml:18:13-22:29
86                <action android:name="android.intent.action.LOCKED_BOOT_COMPLETED" />
86-->[:capacitor-local-notifications] AndroidManifest.xml:19:17-86
86-->[:capacitor-local-notifications] AndroidManifest.xml:19:25-83
87                <action android:name="android.intent.action.BOOT_COMPLETED" />
87-->[:capacitor-local-notifications] AndroidManifest.xml:20:17-79
87-->[:capacitor-local-notifications] AndroidManifest.xml:20:25-76
88                <action android:name="android.intent.action.QUICKBOOT_POWERON" />
88-->[:capacitor-local-notifications] AndroidManifest.xml:21:17-82
88-->[:capacitor-local-notifications] AndroidManifest.xml:21:25-79
89            </intent-filter>
90        </receiver>
91
92        <provider
92-->[androidx.emoji2:emoji2:1.3.0] AndroidManifest.xml:24:9-32:20
93            android:name="androidx.startup.InitializationProvider"
93-->[androidx.emoji2:emoji2:1.3.0] AndroidManifest.xml:25:13-67
94            android:authorities="fr.hikmatips.app.androidx-startup"
94-->[androidx.emoji2:emoji2:1.3.0] AndroidManifest.xml:26:13-68
95            android:exported="false" >
95-->[androidx.emoji2:emoji2:1.3.0] AndroidManifest.xml:27:13-37
96            <meta-data
96-->[androidx.emoji2:emoji2:1.3.0] AndroidManifest.xml:29:13-31:52
97                android:name="androidx.emoji2.text.EmojiCompatInitializer"
97-->[androidx.emoji2:emoji2:1.3.0] AndroidManifest.xml:30:17-75
98                android:value="androidx.startup" />
98-->[androidx.emoji2:emoji2:1.3.0] AndroidManifest.xml:31:17-49
99            <meta-data
99-->[androidx.lifecycle:lifecycle-process:2.6.2] AndroidManifest.xml:29:13-31:52
100                android:name="androidx.lifecycle.ProcessLifecycleInitializer"
100-->[androidx.lifecycle:lifecycle-process:2.6.2] AndroidManifest.xml:30:17-78
101                android:value="androidx.startup" />
101-->[androidx.lifecycle:lifecycle-process:2.6.2] AndroidManifest.xml:31:17-49
102            <meta-data
102-->[androidx.profileinstaller:profileinstaller:1.4.0] AndroidManifest.xml:29:13-31:52
103                android:name="androidx.profileinstaller.ProfileInstallerInitializer"
103-->[androidx.profileinstaller:profileinstaller:1.4.0] AndroidManifest.xml:30:17-85
104                android:value="androidx.startup" />
104-->[androidx.profileinstaller:profileinstaller:1.4.0] AndroidManifest.xml:31:17-49
105        </provider>
106
107        <receiver
107-->[androidx.profileinstaller:profileinstaller:1.4.0] AndroidManifest.xml:34:9-52:20
108            android:name="androidx.profileinstaller.ProfileInstallReceiver"
108-->[androidx.profileinstaller:profileinstaller:1.4.0] AndroidManifest.xml:35:13-76
109            android:directBootAware="false"
109-->[androidx.profileinstaller:profileinstaller:1.4.0] AndroidManifest.xml:36:13-44
110            android:enabled="true"
110-->[androidx.profileinstaller:profileinstaller:1.4.0] AndroidManifest.xml:37:13-35
111            android:exported="true"
111-->[androidx.profileinstaller:profileinstaller:1.4.0] AndroidManifest.xml:38:13-36
112            android:permission="android.permission.DUMP" >
112-->[androidx.profileinstaller:profileinstaller:1.4.0] AndroidManifest.xml:39:13-57
113            <intent-filter>
113-->[androidx.profileinstaller:profileinstaller:1.4.0] AndroidManifest.xml:40:13-42:29
114                <action android:name="androidx.profileinstaller.action.INSTALL_PROFILE" />
114-->[androidx.profileinstaller:profileinstaller:1.4.0] AndroidManifest.xml:41:17-91
114-->[androidx.profileinstaller:profileinstaller:1.4.0] AndroidManifest.xml:41:25-88
115            </intent-filter>
116            <intent-filter>
116-->[androidx.profileinstaller:profileinstaller:1.4.0] AndroidManifest.xml:43:13-45:29
117                <action android:name="androidx.profileinstaller.action.SKIP_FILE" />
117-->[androidx.profileinstaller:profileinstaller:1.4.0] AndroidManifest.xml:44:17-85
117-->[androidx.profileinstaller:profileinstaller:1.4.0] AndroidManifest.xml:44:25-82
118            </intent-filter>
119            <intent-filter>
119-->[androidx.profileinstaller:profileinstaller:1.4.0] AndroidManifest.xml:46:13-48:29
120                <action android:name="androidx.profileinstaller.action.SAVE_PROFILE" />
120-->[androidx.profileinstaller:profileinstaller:1.4.0] AndroidManifest.xml:47:17-88
120-->[androidx.profileinstaller:profileinstaller:1.4.0] AndroidManifest.xml:47:25-85
121            </intent-filter>
122            <intent-filter>
122-->[androidx.profileinstaller:profileinstaller:1.4.0] AndroidManifest.xml:49:13-51:29
123                <action android:name="androidx.profileinstaller.action.BENCHMARK_OPERATION" />
123-->[androidx.profileinstaller:profileinstaller:1.4.0] AndroidManifest.xml:50:17-95
123-->[androidx.profileinstaller:profileinstaller:1.4.0] AndroidManifest.xml:50:25-92
124            </intent-filter>
125        </receiver>
126    </application>
127
128</manifest>